<?xml version="1.0" encoding="UTF-8"?>
<!-- Generated by org.testng.reporters.JUnitXMLReporter -->
<testsuite hostname="Sathvik" name="Default test" tests="5" failures="0" timestamp="26 Apr 2022 16:08:55 GMT" time="0.15" errors="0">
  <testcase name="engineOff" time="0.052" classname="testNG.TestNgExercisesDepends"/>
  <testcase name="firstGear" time="0.004" classname="testNG.TestNgExercisesDepends"/>
  <testcase name="starttheCar" time="0.003" classname="testNG.TestNgExercisesDepends"/>
  <testcase name="secondGear" time="0.005" classname="testNG.TestNgExercisesDepends"/>
  <testcase name="firstTestCase" time="0.003" classname="testNG.TestNgExercisesDepends"/>
</testsuite> <!-- Default test -->
